<?xml version="1.0" encoding="UTF-8"?>
<testng-results skipped="0" failed="0" ignored="0" total="0" passed="0">
  <reporter-output>
  </reporter-output>
  <suite name="com.vapejuicetemple.service.JuiceServiceTest" duration-ms="2" started-at="2017-01-10T23:21:17Z" finished-at="2017-01-10T23:21:17Z">
    <groups>
    </groups>
    <test name="Command line test" duration-ms="2" started-at="2017-01-10T23:21:17Z" finished-at="2017-01-10T23:21:17Z">
    </test> <!-- Command line test -->
  </suite> <!-- com.vapejuicetemple.service.JuiceServiceTest -->
</testng-results>
